<?xml version="1.0" encoding="UTF-8"?>
<testng-results ignored="0" total="14" passed="14" failed="0" skipped="0">
  <reporter-output>
  </reporter-output>
  <suite started-at="2026-03-10T20:40:08 IST" name="CartIQ Automation Suite" finished-at="2026-03-10T20:41:13 IST" duration-ms="65044">
    <groups>
    </groups>
    <test started-at="2026-03-10T20:40:08 IST" name="Test1" finished-at="2026-03-10T20:40:47 IST" duration-ms="39552">
      <class name="com.cartiq.PageTest.LoginTest">
        <test-method is-config="true" signature="setup(java.lang.reflect.Method)[pri:0, instance:com.cartiq.PageTest.LoginTest@179ece50]" started-at="2026-03-10T20:40:11 IST" name="setup" finished-at="2026-03-10T20:40:15 IST" duration-ms="4438" status="PASS">
          <params>
            <param index="0">
              <value>
                <![CDATA[public void com.cartiq.PageTest.LoginTest.User(java.lang.String,java.lang.String,java.lang.String,java.lang.String)]]>
              </value>
            </param>
          </params>
          <reporter-output>
          </reporter-output>
        </test-method> <!-- setup -->
        <test-method signature="User(java.lang.String,java.lang.String,java.lang.String,java.lang.String)[pri:0, instance:com.cartiq.PageTest.LoginTest@179ece50]" started-at="2026-03-10T20:40:15 IST" name="User" data-provider="loginData" finished-at="2026-03-10T20:40:18 IST" duration-ms="3221" status="PASS">
          <params>
            <param index="0">
              <value>
                <![CDATA[TC001]]>
              </value>
            </param>
            <param index="1">
              <value>
                <![CDATA[standard_user]]>
              </value>
            </param>
            <param index="2">
              <value>
                <![CDATA[secret_sauce]]>
              </value>
            </param>
            <param index="3">
              <value>
                <![CDATA[success]]>
              </value>
            </param>
          </params>
          <reporter-output>
          </reporter-output>
        </test-method> <!-- User -->
        <test-method is-config="true" signature="CheckResutl(java.lang.reflect.Method,org.testng.ITestResult)[pri:0, instance:com.cartiq.PageTest.LoginTest@179ece50]" started-at="2026-03-10T20:40:18 IST" name="CheckResutl" finished-at="2026-03-10T20:40:19 IST" duration-ms="1097" status="PASS">
          <params>
            <param index="0">
              <value>
                <![CDATA[public void com.cartiq.PageTest.LoginTest.User(java.lang.String,java.lang.String,java.lang.String,java.lang.String)]]>
              </value>
            </param>
            <param index="1">
              <value>
                <![CDATA[[TestResult name=User status=SUCCESS method=LoginTest.User(java.lang.String,java.lang.String,java.lang.String,java.lang.String)[pri:0, instance:com.cartiq.PageTest.LoginTest@179ece50] output={null}]]]>
              </value>
            </param>
          </params>
          <reporter-output>
          </reporter-output>
        </test-method> <!-- CheckResutl -->
        <test-method is-config="true" signature="setup(java.lang.reflect.Method)[pri:0, instance:com.cartiq.PageTest.LoginTest@179ece50]" started-at="2026-03-10T20:40:19 IST" name="setup" finished-at="2026-03-10T20:40:21 IST" duration-ms="1432" status="PASS">
          <params>
            <param index="0">
              <value>
                <![CDATA[public void com.cartiq.PageTest.LoginTest.User(java.lang.String,java.lang.String,java.lang.String,java.lang.String)]]>
              </value>
            </param>
          </params>
          <reporter-output>
          </reporter-output>
        </test-method> <!-- setup -->
        <test-method signature="User(java.lang.String,java.lang.String,java.lang.String,java.lang.String)[pri:0, instance:com.cartiq.PageTest.LoginTest@179ece50]" started-at="2026-03-10T20:40:21 IST" name="User" data-provider="loginData" finished-at="2026-03-10T20:40:23 IST" duration-ms="1797" status="PASS">
          <params>
            <param index="0">
              <value>
                <![CDATA[TC002]]>
              </value>
            </param>
            <param index="1">
              <value>
                <![CDATA[standard_user]]>
              </value>
            </param>
            <param index="2">
              <value>
                <![CDATA[wrongpass]]>
              </value>
            </param>
            <param index="3">
              <value>
                <![CDATA[failure]]>
              </value>
            </param>
          </params>
          <reporter-output>
          </reporter-output>
        </test-method> <!-- User -->
        <test-method is-config="true" signature="CheckResutl(java.lang.reflect.Method,org.testng.ITestResult)[pri:0, instance:com.cartiq.PageTest.LoginTest@179ece50]" started-at="2026-03-10T20:40:23 IST" name="CheckResutl" finished-at="2026-03-10T20:40:23 IST" duration-ms="723" status="PASS">
          <params>
            <param index="0">
              <value>
                <![CDATA[public void com.cartiq.PageTest.LoginTest.User(java.lang.String,java.lang.String,java.lang.String,java.lang.String)]]>
              </value>
            </param>
            <param index="1">
              <value>
                <![CDATA[[TestResult name=User status=SUCCESS method=LoginTest.User(java.lang.String,java.lang.String,java.lang.String,java.lang.String)[pri:0, instance:com.cartiq.PageTest.LoginTest@179ece50] output={null}]]]>
              </value>
            </param>
          </params>
          <reporter-output>
          </reporter-output>
        </test-method> <!-- CheckResutl -->
        <test-method is-config="true" signature="setup(java.lang.reflect.Method)[pri:0, instance:com.cartiq.PageTest.LoginTest@179ece50]" started-at="2026-03-10T20:40:23 IST" name="setup" finished-at="2026-03-10T20:40:25 IST" duration-ms="1318" status="PASS">
          <params>
            <param index="0">
              <value>
                <![CDATA[public void com.cartiq.PageTest.LoginTest.User(java.lang.String,java.lang.String,java.lang.String,java.lang.String)]]>
              </value>
            </param>
          </params>
          <reporter-output>
          </reporter-output>
        </test-method> <!-- setup -->
        <test-method signature="User(java.lang.String,java.lang.String,java.lang.String,java.lang.String)[pri:0, instance:com.cartiq.PageTest.LoginTest@179ece50]" started-at="2026-03-10T20:40:25 IST" name="User" data-provider="loginData" finished-at="2026-03-10T20:40:26 IST" duration-ms="1801" status="PASS">
          <params>
            <param index="0">
              <value>
                <![CDATA[TC003]]>
              </value>
            </param>
            <param index="1">
              <value>
                <![CDATA[invalid_user]]>
              </value>
            </param>
            <param index="2">
              <value>
                <![CDATA[secret_sauce]]>
              </value>
            </param>
            <param index="3">
              <value>
                <![CDATA[failure]]>
              </value>
            </param>
          </params>
          <reporter-output>
          </reporter-output>
        </test-method> <!-- User -->
        <test-method is-config="true" signature="CheckResutl(java.lang.reflect.Method,org.testng.ITestResult)[pri:0, instance:com.cartiq.PageTest.LoginTest@179ece50]" started-at="2026-03-10T20:40:26 IST" name="CheckResutl" finished-at="2026-03-10T20:40:27 IST" duration-ms="293" status="PASS">
          <params>
            <param index="0">
              <value>
                <![CDATA[public void com.cartiq.PageTest.LoginTest.User(java.lang.String,java.lang.String,java.lang.String,java.lang.String)]]>
              </value>
            </param>
            <param index="1">
              <value>
                <![CDATA[[TestResult name=User status=SUCCESS method=LoginTest.User(java.lang.String,java.lang.String,java.lang.String,java.lang.String)[pri:0, instance:com.cartiq.PageTest.LoginTest@179ece50] output={null}]]]>
              </value>
            </param>
          </params>
          <reporter-output>
          </reporter-output>
        </test-method> <!-- CheckResutl -->
        <test-method is-config="true" signature="setup(java.lang.reflect.Method)[pri:0, instance:com.cartiq.PageTest.LoginTest@179ece50]" started-at="2026-03-10T20:40:27 IST" name="setup" finished-at="2026-03-10T20:40:28 IST" duration-ms="1145" status="PASS">
          <params>
            <param index="0">
              <value>
                <![CDATA[public void com.cartiq.PageTest.LoginTest.User(java.lang.String,java.lang.String,java.lang.String,java.lang.String)]]>
              </value>
            </param>
          </params>
          <reporter-output>
          </reporter-output>
        </test-method> <!-- setup -->
        <test-method signature="User(java.lang.String,java.lang.String,java.lang.String,java.lang.String)[pri:0, instance:com.cartiq.PageTest.LoginTest@179ece50]" started-at="2026-03-10T20:40:28 IST" name="User" data-provider="loginData" finished-at="2026-03-10T20:40:29 IST" duration-ms="1403" status="PASS">
          <params>
            <param index="0">
              <value>
                <![CDATA[TC004]]>
              </value>
            </param>
            <param index="1">
              <value>
                <![CDATA[]]>
              </value>
            </param>
            <param index="2">
              <value>
                <![CDATA[secret_sauce]]>
              </value>
            </param>
            <param index="3">
              <value>
                <![CDATA[failure]]>
              </value>
            </param>
          </params>
          <reporter-output>
          </reporter-output>
        </test-method> <!-- User -->
        <test-method is-config="true" signature="CheckResutl(java.lang.reflect.Method,org.testng.ITestResult)[pri:0, instance:com.cartiq.PageTest.LoginTest@179ece50]" started-at="2026-03-10T20:40:29 IST" name="CheckResutl" finished-at="2026-03-10T20:40:29 IST" duration-ms="277" status="PASS">
          <params>
            <param index="0">
              <value>
                <![CDATA[public void com.cartiq.PageTest.LoginTest.User(java.lang.String,java.lang.String,java.lang.String,java.lang.String)]]>
              </value>
            </param>
            <param index="1">
              <value>
                <![CDATA[[TestResult name=User status=SUCCESS method=LoginTest.User(java.lang.String,java.lang.String,java.lang.String,java.lang.String)[pri:0, instance:com.cartiq.PageTest.LoginTest@179ece50] output={null}]]]>
              </value>
            </param>
          </params>
          <reporter-output>
          </reporter-output>
        </test-method> <!-- CheckResutl -->
        <test-method is-config="true" signature="setup(java.lang.reflect.Method)[pri:0, instance:com.cartiq.PageTest.LoginTest@179ece50]" started-at="2026-03-10T20:40:29 IST" name="setup" finished-at="2026-03-10T20:40:31 IST" duration-ms="1013" status="PASS">
          <params>
            <param index="0">
              <value>
                <![CDATA[public void com.cartiq.PageTest.LoginTest.User(java.lang.String,java.lang.String,java.lang.String,java.lang.String)]]>
              </value>
            </param>
          </params>
          <reporter-output>
          </reporter-output>
        </test-method> <!-- setup -->
        <test-method signature="User(java.lang.String,java.lang.String,java.lang.String,java.lang.String)[pri:0, instance:com.cartiq.PageTest.LoginTest@179ece50]" started-at="2026-03-10T20:40:31 IST" name="User" data-provider="loginData" finished-at="2026-03-10T20:40:32 IST" duration-ms="1260" status="PASS">
          <params>
            <param index="0">
              <value>
                <![CDATA[TC005]]>
              </value>
            </param>
            <param index="1">
              <value>
                <![CDATA[standard_user]]>
              </value>
            </param>
            <param index="2">
              <value>
                <![CDATA[]]>
              </value>
            </param>
            <param index="3">
              <value>
                <![CDATA[failure]]>
              </value>
            </param>
          </params>
          <reporter-output>
          </reporter-output>
        </test-method> <!-- User -->
        <test-method is-config="true" signature="CheckResutl(java.lang.reflect.Method,org.testng.ITestResult)[pri:0, instance:com.cartiq.PageTest.LoginTest@179ece50]" started-at="2026-03-10T20:40:32 IST" name="CheckResutl" finished-at="2026-03-10T20:40:32 IST" duration-ms="295" status="PASS">
          <params>
            <param index="0">
              <value>
                <![CDATA[public void com.cartiq.PageTest.LoginTest.User(java.lang.String,java.lang.String,java.lang.String,java.lang.String)]]>
              </value>
            </param>
            <param index="1">
              <value>
                <![CDATA[[TestResult name=User status=SUCCESS method=LoginTest.User(java.lang.String,java.lang.String,java.lang.String,java.lang.String)[pri:0, instance:com.cartiq.PageTest.LoginTest@179ece50] output={null}]]]>
              </value>
            </param>
          </params>
          <reporter-output>
          </reporter-output>
        </test-method> <!-- CheckResutl -->
        <test-method is-config="true" signature="setup(java.lang.reflect.Method)[pri:0, instance:com.cartiq.PageTest.LoginTest@179ece50]" started-at="2026-03-10T20:40:32 IST" name="setup" finished-at="2026-03-10T20:40:33 IST" duration-ms="1099" status="PASS">
          <params>
            <param index="0">
              <value>
                <![CDATA[public void com.cartiq.PageTest.LoginTest.User(java.lang.String,java.lang.String,java.lang.String,java.lang.String)]]>
              </value>
            </param>
          </params>
          <reporter-output>
          </reporter-output>
        </test-method> <!-- setup -->
        <test-method signature="User(java.lang.String,java.lang.String,java.lang.String,java.lang.String)[pri:0, instance:com.cartiq.PageTest.LoginTest@179ece50]" started-at="2026-03-10T20:40:33 IST" name="User" data-provider="loginData" finished-at="2026-03-10T20:40:35 IST" duration-ms="1438" status="PASS">
          <params>
            <param index="0">
              <value>
                <![CDATA[TC006]]>
              </value>
            </param>
            <param index="1">
              <value>
                <![CDATA[]]>
              </value>
            </param>
            <param index="2">
              <value>
                <![CDATA[]]>
              </value>
            </param>
            <param index="3">
              <value>
                <![CDATA[failure]]>
              </value>
            </param>
          </params>
          <reporter-output>
          </reporter-output>
        </test-method> <!-- User -->
        <test-method is-config="true" signature="CheckResutl(java.lang.reflect.Method,org.testng.ITestResult)[pri:0, instance:com.cartiq.PageTest.LoginTest@179ece50]" started-at="2026-03-10T20:40:35 IST" name="CheckResutl" finished-at="2026-03-10T20:40:35 IST" duration-ms="353" status="PASS">
          <params>
            <param index="0">
              <value>
                <![CDATA[public void com.cartiq.PageTest.LoginTest.User(java.lang.String,java.lang.String,java.lang.String,java.lang.String)]]>
              </value>
            </param>
            <param index="1">
              <value>
                <![CDATA[[TestResult name=User status=SUCCESS method=LoginTest.User(java.lang.String,java.lang.String,java.lang.String,java.lang.String)[pri:0, instance:com.cartiq.PageTest.LoginTest@179ece50] output={null}]]]>
              </value>
            </param>
          </params>
          <reporter-output>
          </reporter-output>
        </test-method> <!-- CheckResutl -->
        <test-method is-config="true" signature="setup(java.lang.reflect.Method)[pri:0, instance:com.cartiq.PageTest.LoginTest@179ece50]" started-at="2026-03-10T20:40:35 IST" name="setup" finished-at="2026-03-10T20:40:36 IST" duration-ms="1082" status="PASS">
          <params>
            <param index="0">
              <value>
                <![CDATA[public void com.cartiq.PageTest.LoginTest.User(java.lang.String,java.lang.String,java.lang.String,java.lang.String)]]>
              </value>
            </param>
          </params>
          <reporter-output>
          </reporter-output>
        </test-method> <!-- setup -->
        <test-method signature="User(java.lang.String,java.lang.String,java.lang.String,java.lang.String)[pri:0, instance:com.cartiq.PageTest.LoginTest@179ece50]" started-at="2026-03-10T20:40:36 IST" name="User" data-provider="loginData" finished-at="2026-03-10T20:40:37 IST" duration-ms="1422" status="PASS">
          <params>
            <param index="0">
              <value>
                <![CDATA[TC007]]>
              </value>
            </param>
            <param index="1">
              <value>
                <![CDATA[locked_out_user]]>
              </value>
            </param>
            <param index="2">
              <value>
                <![CDATA[secret_sauce]]>
              </value>
            </param>
            <param index="3">
              <value>
                <![CDATA[failure]]>
              </value>
            </param>
          </params>
          <reporter-output>
          </reporter-output>
        </test-method> <!-- User -->
        <test-method is-config="true" signature="CheckResutl(java.lang.reflect.Method,org.testng.ITestResult)[pri:0, instance:com.cartiq.PageTest.LoginTest@179ece50]" started-at="2026-03-10T20:40:37 IST" name="CheckResutl" finished-at="2026-03-10T20:40:38 IST" duration-ms="281" status="PASS">
          <params>
            <param index="0">
              <value>
                <![CDATA[public void com.cartiq.PageTest.LoginTest.User(java.lang.String,java.lang.String,java.lang.String,java.lang.String)]]>
              </value>
            </param>
            <param index="1">
              <value>
                <![CDATA[[TestResult name=User status=SUCCESS method=LoginTest.User(java.lang.String,java.lang.String,java.lang.String,java.lang.String)[pri:0, instance:com.cartiq.PageTest.LoginTest@179ece50] output={null}]]]>
              </value>
            </param>
          </params>
          <reporter-output>
          </reporter-output>
        </test-method> <!-- CheckResutl -->
        <test-method is-config="true" signature="setup(java.lang.reflect.Method)[pri:0, instance:com.cartiq.PageTest.LoginTest@179ece50]" started-at="2026-03-10T20:40:38 IST" name="setup" finished-at="2026-03-10T20:40:39 IST" duration-ms="1188" status="PASS">
          <params>
            <param index="0">
              <value>
                <![CDATA[public void com.cartiq.PageTest.LoginTest.User(java.lang.String,java.lang.String,java.lang.String,java.lang.String)]]>
              </value>
            </param>
          </params>
          <reporter-output>
          </reporter-output>
        </test-method> <!-- setup -->
        <test-method signature="User(java.lang.String,java.lang.String,java.lang.String,java.lang.String)[pri:0, instance:com.cartiq.PageTest.LoginTest@179ece50]" started-at="2026-03-10T20:40:39 IST" name="User" data-provider="loginData" finished-at="2026-03-10T20:40:41 IST" duration-ms="1567" status="PASS">
          <params>
            <param index="0">
              <value>
                <![CDATA[TC008]]>
              </value>
            </param>
            <param index="1">
              <value>
                <![CDATA[standard_user]]>
              </value>
            </param>
            <param index="2">
              <value>
                <![CDATA[Secret_sauce]]>
              </value>
            </param>
            <param index="3">
              <value>
                <![CDATA[failure]]>
              </value>
            </param>
          </params>
          <reporter-output>
          </reporter-output>
        </test-method> <!-- User -->
        <test-method is-config="true" signature="CheckResutl(java.lang.reflect.Method,org.testng.ITestResult)[pri:0, instance:com.cartiq.PageTest.LoginTest@179ece50]" started-at="2026-03-10T20:40:41 IST" name="CheckResutl" finished-at="2026-03-10T20:40:41 IST" duration-ms="265" status="PASS">
          <params>
            <param index="0">
              <value>
                <![CDATA[public void com.cartiq.PageTest.LoginTest.User(java.lang.String,java.lang.String,java.lang.String,java.lang.String)]]>
              </value>
            </param>
            <param index="1">
              <value>
                <![CDATA[[TestResult name=User status=SUCCESS method=LoginTest.User(java.lang.String,java.lang.String,java.lang.String,java.lang.String)[pri:0, instance:com.cartiq.PageTest.LoginTest@179ece50] output={null}]]]>
              </value>
            </param>
          </params>
          <reporter-output>
          </reporter-output>
        </test-method> <!-- CheckResutl -->
        <test-method is-config="true" signature="setup(java.lang.reflect.Method)[pri:0, instance:com.cartiq.PageTest.LoginTest@179ece50]" started-at="2026-03-10T20:40:41 IST" name="setup" finished-at="2026-03-10T20:40:42 IST" duration-ms="1106" status="PASS">
          <params>
            <param index="0">
              <value>
                <![CDATA[public void com.cartiq.PageTest.LoginTest.User(java.lang.String,java.lang.String,java.lang.String,java.lang.String)]]>
              </value>
            </param>
          </params>
          <reporter-output>
          </reporter-output>
        </test-method> <!-- setup -->
        <test-method signature="User(java.lang.String,java.lang.String,java.lang.String,java.lang.String)[pri:0, instance:com.cartiq.PageTest.LoginTest@179ece50]" started-at="2026-03-10T20:40:42 IST" name="User" data-provider="loginData" finished-at="2026-03-10T20:40:43 IST" duration-ms="1366" status="PASS">
          <params>
            <param index="0">
              <value>
                <![CDATA[TC009]]>
              </value>
            </param>
            <param index="1">
              <value>
                <![CDATA[STANDARD_USER]]>
              </value>
            </param>
            <param index="2">
              <value>
                <![CDATA[secret_sauce]]>
              </value>
            </param>
            <param index="3">
              <value>
                <![CDATA[failure]]>
              </value>
            </param>
          </params>
          <reporter-output>
          </reporter-output>
        </test-method> <!-- User -->
        <test-method is-config="true" signature="CheckResutl(java.lang.reflect.Method,org.testng.ITestResult)[pri:0, instance:com.cartiq.PageTest.LoginTest@179ece50]" started-at="2026-03-10T20:40:43 IST" name="CheckResutl" finished-at="2026-03-10T20:40:44 IST" duration-ms="296" status="PASS">
          <params>
            <param index="0">
              <value>
                <![CDATA[public void com.cartiq.PageTest.LoginTest.User(java.lang.String,java.lang.String,java.lang.String,java.lang.String)]]>
              </value>
            </param>
            <param index="1">
              <value>
                <![CDATA[[TestResult name=User status=SUCCESS method=LoginTest.User(java.lang.String,java.lang.String,java.lang.String,java.lang.String)[pri:0, instance:com.cartiq.PageTest.LoginTest@179ece50] output={null}]]]>
              </value>
            </param>
          </params>
          <reporter-output>
          </reporter-output>
        </test-method> <!-- CheckResutl -->
        <test-method is-config="true" signature="setup(java.lang.reflect.Method)[pri:0, instance:com.cartiq.PageTest.LoginTest@179ece50]" started-at="2026-03-10T20:40:44 IST" name="setup" finished-at="2026-03-10T20:40:45 IST" duration-ms="1152" status="PASS">
          <params>
            <param index="0">
              <value>
                <![CDATA[public void com.cartiq.PageTest.LoginTest.User(java.lang.String,java.lang.String,java.lang.String,java.lang.String)]]>
              </value>
            </param>
          </params>
          <reporter-output>
          </reporter-output>
        </test-method> <!-- setup -->
        <test-method signature="User(java.lang.String,java.lang.String,java.lang.String,java.lang.String)[pri:0, instance:com.cartiq.PageTest.LoginTest@179ece50]" started-at="2026-03-10T20:40:45 IST" name="User" data-provider="loginData" finished-at="2026-03-10T20:40:47 IST" duration-ms="2143" status="PASS">
          <params>
            <param index="0">
              <value>
                <![CDATA[TC010]]>
              </value>
            </param>
            <param index="1">
              <value>
                <![CDATA[standard_user]]>
              </value>
            </param>
            <param index="2">
              <value>
                <![CDATA[secret_sauce]]>
              </value>
            </param>
            <param index="3">
              <value>
                <![CDATA[success]]>
              </value>
            </param>
          </params>
          <reporter-output>
          </reporter-output>
        </test-method> <!-- User -->
        <test-method is-config="true" signature="CheckResutl(java.lang.reflect.Method,org.testng.ITestResult)[pri:0, instance:com.cartiq.PageTest.LoginTest@179ece50]" started-at="2026-03-10T20:40:47 IST" name="CheckResutl" finished-at="2026-03-10T20:40:47 IST" duration-ms="433" status="PASS">
          <params>
            <param index="0">
              <value>
                <![CDATA[public void com.cartiq.PageTest.LoginTest.User(java.lang.String,java.lang.String,java.lang.String,java.lang.String)]]>
              </value>
            </param>
            <param index="1">
              <value>
                <![CDATA[[TestResult name=User status=SUCCESS method=LoginTest.User(java.lang.String,java.lang.String,java.lang.String,java.lang.String)[pri:0, instance:com.cartiq.PageTest.LoginTest@179ece50] output={null}]]]>
              </value>
            </param>
          </params>
          <reporter-output>
          </reporter-output>
        </test-method> <!-- CheckResutl -->
      </class> <!-- com.cartiq.PageTest.LoginTest -->
    </test> <!-- Test1 -->
    <test started-at="2026-03-10T20:40:47 IST" name="Test2" finished-at="2026-03-10T20:40:53 IST" duration-ms="6029">
      <class name="com.cartiq.PageTest.HomePageTest">
        <test-method is-config="true" signature="setup(java.lang.reflect.Method)[pri:0, instance:com.cartiq.PageTest.HomePageTest@2df3b89c]" started-at="2026-03-10T20:40:47 IST" name="setup" finished-at="2026-03-10T20:40:49 IST" duration-ms="1366" status="PASS">
          <params>
            <param index="0">
              <value>
                <![CDATA[public void com.cartiq.PageTest.HomePageTest.verifyHomePageLoaded()]]>
              </value>
            </param>
          </params>
          <reporter-output>
          </reporter-output>
        </test-method> <!-- setup -->
        <test-method signature="verifyHomePageLoaded()[pri:0, instance:com.cartiq.PageTest.HomePageTest@2df3b89c]" started-at="2026-03-10T20:40:49 IST" name="verifyHomePageLoaded" finished-at="2026-03-10T20:40:53 IST" duration-ms="4343" status="PASS">
          <reporter-output>
          </reporter-output>
        </test-method> <!-- verifyHomePageLoaded -->
        <test-method is-config="true" signature="CheckResutl(java.lang.reflect.Method,org.testng.ITestResult)[pri:0, instance:com.cartiq.PageTest.HomePageTest@2df3b89c]" started-at="2026-03-10T20:40:53 IST" name="CheckResutl" finished-at="2026-03-10T20:40:53 IST" duration-ms="313" status="PASS">
          <params>
            <param index="0">
              <value>
                <![CDATA[public void com.cartiq.PageTest.HomePageTest.verifyHomePageLoaded()]]>
              </value>
            </param>
            <param index="1">
              <value>
                <![CDATA[[TestResult name=verifyHomePageLoaded status=SUCCESS method=HomePageTest.verifyHomePageLoaded()[pri:0, instance:com.cartiq.PageTest.HomePageTest@2df3b89c] output={null}]]]>
              </value>
            </param>
          </params>
          <reporter-output>
          </reporter-output>
        </test-method> <!-- CheckResutl -->
      </class> <!-- com.cartiq.PageTest.HomePageTest -->
    </test> <!-- Test2 -->
    <test started-at="2026-03-10T20:40:53 IST" name="Test3" finished-at="2026-03-10T20:41:00 IST" duration-ms="6932">
      <class name="com.cartiq.PageTest.CartTest">
        <test-method is-config="true" signature="setup(java.lang.reflect.Method)[pri:0, instance:com.cartiq.PageTest.CartTest@7c9d8e2]" started-at="2026-03-10T20:40:53 IST" name="setup" finished-at="2026-03-10T20:40:54 IST" duration-ms="1068" status="PASS">
          <params>
            <param index="0">
              <value>
                <![CDATA[public void com.cartiq.PageTest.CartTest.cartTest() throws java.lang.InterruptedException]]>
              </value>
            </param>
          </params>
          <reporter-output>
          </reporter-output>
        </test-method> <!-- setup -->
        <test-method signature="cartTest()[pri:0, instance:com.cartiq.PageTest.CartTest@7c9d8e2]" started-at="2026-03-10T20:40:54 IST" name="cartTest" finished-at="2026-03-10T20:41:00 IST" duration-ms="5319" status="PASS">
          <reporter-output>
          </reporter-output>
        </test-method> <!-- cartTest -->
        <test-method is-config="true" signature="CheckResutl(java.lang.reflect.Method,org.testng.ITestResult)[pri:0, instance:com.cartiq.PageTest.CartTest@7c9d8e2]" started-at="2026-03-10T20:41:00 IST" name="CheckResutl" finished-at="2026-03-10T20:41:00 IST" duration-ms="540" status="PASS">
          <params>
            <param index="0">
              <value>
                <![CDATA[public void com.cartiq.PageTest.CartTest.cartTest() throws java.lang.InterruptedException]]>
              </value>
            </param>
            <param index="1">
              <value>
                <![CDATA[[TestResult name=cartTest status=SUCCESS method=CartTest.cartTest()[pri:0, instance:com.cartiq.PageTest.CartTest@7c9d8e2] output={null}]]]>
              </value>
            </param>
          </params>
          <reporter-output>
          </reporter-output>
        </test-method> <!-- CheckResutl -->
      </class> <!-- com.cartiq.PageTest.CartTest -->
    </test> <!-- Test3 -->
    <test started-at="2026-03-10T20:41:00 IST" name="Test4" finished-at="2026-03-10T20:41:08 IST" duration-ms="7303">
      <class name="com.cartiq.PageTest.CheckoutTest">
        <test-method is-config="true" signature="setup(java.lang.reflect.Method)[pri:0, instance:com.cartiq.PageTest.CheckoutTest@ae13544]" started-at="2026-03-10T20:41:00 IST" name="setup" finished-at="2026-03-10T20:41:02 IST" duration-ms="1333" status="PASS">
          <params>
            <param index="0">
              <value>
                <![CDATA[public void com.cartiq.PageTest.CheckoutTest.checkoutTest()]]>
              </value>
            </param>
          </params>
          <reporter-output>
          </reporter-output>
        </test-method> <!-- setup -->
        <test-method signature="checkoutTest()[pri:0, instance:com.cartiq.PageTest.CheckoutTest@ae13544]" started-at="2026-03-10T20:41:02 IST" name="checkoutTest" finished-at="2026-03-10T20:41:07 IST" duration-ms="5521" status="PASS">
          <reporter-output>
          </reporter-output>
        </test-method> <!-- checkoutTest -->
        <test-method is-config="true" signature="CheckResutl(java.lang.reflect.Method,org.testng.ITestResult)[pri:0, instance:com.cartiq.PageTest.CheckoutTest@ae13544]" started-at="2026-03-10T20:41:07 IST" name="CheckResutl" finished-at="2026-03-10T20:41:08 IST" duration-ms="445" status="PASS">
          <params>
            <param index="0">
              <value>
                <![CDATA[public void com.cartiq.PageTest.CheckoutTest.checkoutTest()]]>
              </value>
            </param>
            <param index="1">
              <value>
                <![CDATA[[TestResult name=checkoutTest status=SUCCESS method=CheckoutTest.checkoutTest()[pri:0, instance:com.cartiq.PageTest.CheckoutTest@ae13544] output={null}]]]>
              </value>
            </param>
          </params>
          <reporter-output>
          </reporter-output>
        </test-method> <!-- CheckResutl -->
      </class> <!-- com.cartiq.PageTest.CheckoutTest -->
    </test> <!-- Test4 -->
    <test started-at="2026-03-10T20:41:08 IST" name="Test5" finished-at="2026-03-10T20:41:13 IST" duration-ms="5115">
      <class name="com.cartiq.PageTest.LogoutTest">
        <test-method is-config="true" signature="setupExtent()[pri:0, instance:com.cartiq.PageTest.LogoutTest@22fcf7ab]" started-at="2026-03-10T20:40:07 IST" name="setupExtent" finished-at="2026-03-10T20:40:08 IST" duration-ms="531" status="PASS">
          <reporter-output>
          </reporter-output>
        </test-method> <!-- setupExtent -->
        <test-method is-config="true" signature="setup(java.lang.reflect.Method)[pri:0, instance:com.cartiq.PageTest.LogoutTest@22fcf7ab]" started-at="2026-03-10T20:41:08 IST" name="setup" finished-at="2026-03-10T20:41:09 IST" duration-ms="1111" status="PASS">
          <params>
            <param index="0">
              <value>
                <![CDATA[public void com.cartiq.PageTest.LogoutTest.logoutTest()]]>
              </value>
            </param>
          </params>
          <reporter-output>
          </reporter-output>
        </test-method> <!-- setup -->
        <test-method signature="logoutTest()[pri:0, instance:com.cartiq.PageTest.LogoutTest@22fcf7ab]" started-at="2026-03-10T20:41:09 IST" name="logoutTest" finished-at="2026-03-10T20:41:12 IST" duration-ms="3579" status="PASS">
          <reporter-output>
          </reporter-output>
        </test-method> <!-- logoutTest -->
        <test-method is-config="true" signature="CheckResutl(java.lang.reflect.Method,org.testng.ITestResult)[pri:0, instance:com.cartiq.PageTest.LogoutTest@22fcf7ab]" started-at="2026-03-10T20:41:12 IST" name="CheckResutl" finished-at="2026-03-10T20:41:13 IST" duration-ms="415" status="PASS">
          <params>
            <param index="0">
              <value>
                <![CDATA[public void com.cartiq.PageTest.LogoutTest.logoutTest()]]>
              </value>
            </param>
            <param index="1">
              <value>
                <![CDATA[[TestResult name=logoutTest status=SUCCESS method=LogoutTest.logoutTest()[pri:0, instance:com.cartiq.PageTest.LogoutTest@22fcf7ab] output={null}]]]>
              </value>
            </param>
          </params>
          <reporter-output>
          </reporter-output>
        </test-method> <!-- CheckResutl -->
        <test-method is-config="true" signature="exit()[pri:0, instance:com.cartiq.PageTest.LogoutTest@22fcf7ab]" started-at="2026-03-10T20:41:13 IST" name="exit" finished-at="2026-03-10T20:41:14 IST" duration-ms="875" status="PASS">
          <reporter-output>
          </reporter-output>
        </test-method> <!-- exit -->
      </class> <!-- com.cartiq.PageTest.LogoutTest -->
    </test> <!-- Test5 -->
  </suite> <!-- CartIQ Automation Suite -->
</testng-results>
