<?xml version="1.0" encoding="UTF-8"?>
<testng-results ignored="0" total="11" passed="11" failed="0" skipped="0">
  <reporter-output>
  </reporter-output>
  <suite started-at="2026-03-08T12:30:59 IST" name="CartIQ Automation Suite" finished-at="2026-03-08T12:31:42 IST" duration-ms="42722">
    <groups>
    </groups>
    <test started-at="2026-03-08T12:30:59 IST" name="Test" finished-at="2026-03-08T12:31:36 IST" duration-ms="36736">
      <class name="com.cartiq.PageTest.LoginTest">
        <test-method is-config="true" signature="setup(java.lang.reflect.Method)[pri:0, instance:com.cartiq.PageTest.LoginTest@179ece50]" started-at="2026-03-08T12:31:01 IST" name="setup" finished-at="2026-03-08T12:31:05 IST" duration-ms="3873" status="PASS">
          <params>
            <param index="0">
              <value>
                <![CDATA[public void com.cartiq.PageTest.LoginTest.User(java.lang.String,java.lang.String,java.lang.String,java.lang.String)]]>
              </value>
            </param>
          </params>
          <reporter-output>
          </reporter-output>
        </test-method> <!-- setup -->
        <test-method signature="User(java.lang.String,java.lang.String,java.lang.String,java.lang.String)[pri:0, instance:com.cartiq.PageTest.LoginTest@179ece50]" started-at="2026-03-08T12:31:05 IST" name="User" data-provider="loginData" finished-at="2026-03-08T12:31:08 IST" duration-ms="2375" status="PASS">
          <params>
            <param index="0">
              <value>
                <![CDATA[TC001]]>
              </value>
            </param>
            <param index="1">
              <value>
                <![CDATA[standard_user]]>
              </value>
            </param>
            <param index="2">
              <value>
                <![CDATA[secret_sauce]]>
              </value>
            </param>
            <param index="3">
              <value>
                <![CDATA[success]]>
              </value>
            </param>
          </params>
          <reporter-output>
          </reporter-output>
        </test-method> <!-- User -->
        <test-method is-config="true" signature="CheckResutl(java.lang.reflect.Method,org.testng.ITestResult)[pri:0, instance:com.cartiq.PageTest.LoginTest@179ece50]" started-at="2026-03-08T12:31:08 IST" name="CheckResutl" finished-at="2026-03-08T12:31:08 IST" duration-ms="450" status="PASS">
          <params>
            <param index="0">
              <value>
                <![CDATA[public void com.cartiq.PageTest.LoginTest.User(java.lang.String,java.lang.String,java.lang.String,java.lang.String)]]>
              </value>
            </param>
            <param index="1">
              <value>
                <![CDATA[[TestResult name=User status=SUCCESS method=LoginTest.User(java.lang.String,java.lang.String,java.lang.String,java.lang.String)[pri:0, instance:com.cartiq.PageTest.LoginTest@179ece50] output={null}]]]>
              </value>
            </param>
          </params>
          <reporter-output>
          </reporter-output>
        </test-method> <!-- CheckResutl -->
        <test-method is-config="true" signature="setup(java.lang.reflect.Method)[pri:0, instance:com.cartiq.PageTest.LoginTest@179ece50]" started-at="2026-03-08T12:31:08 IST" name="setup" finished-at="2026-03-08T12:31:09 IST" duration-ms="1333" status="PASS">
          <params>
            <param index="0">
              <value>
                <![CDATA[public void com.cartiq.PageTest.LoginTest.User(java.lang.String,java.lang.String,java.lang.String,java.lang.String)]]>
              </value>
            </param>
          </params>
          <reporter-output>
          </reporter-output>
        </test-method> <!-- setup -->
        <test-method signature="User(java.lang.String,java.lang.String,java.lang.String,java.lang.String)[pri:0, instance:com.cartiq.PageTest.LoginTest@179ece50]" started-at="2026-03-08T12:31:09 IST" name="User" data-provider="loginData" finished-at="2026-03-08T12:31:11 IST" duration-ms="1574" status="PASS">
          <params>
            <param index="0">
              <value>
                <![CDATA[TC002]]>
              </value>
            </param>
            <param index="1">
              <value>
                <![CDATA[standard_user]]>
              </value>
            </param>
            <param index="2">
              <value>
                <![CDATA[wrongpass]]>
              </value>
            </param>
            <param index="3">
              <value>
                <![CDATA[failure]]>
              </value>
            </param>
          </params>
          <reporter-output>
          </reporter-output>
        </test-method> <!-- User -->
        <test-method is-config="true" signature="CheckResutl(java.lang.reflect.Method,org.testng.ITestResult)[pri:0, instance:com.cartiq.PageTest.LoginTest@179ece50]" started-at="2026-03-08T12:31:11 IST" name="CheckResutl" finished-at="2026-03-08T12:31:11 IST" duration-ms="337" status="PASS">
          <params>
            <param index="0">
              <value>
                <![CDATA[public void com.cartiq.PageTest.LoginTest.User(java.lang.String,java.lang.String,java.lang.String,java.lang.String)]]>
              </value>
            </param>
            <param index="1">
              <value>
                <![CDATA[[TestResult name=User status=SUCCESS method=LoginTest.User(java.lang.String,java.lang.String,java.lang.String,java.lang.String)[pri:0, instance:com.cartiq.PageTest.LoginTest@179ece50] output={null}]]]>
              </value>
            </param>
          </params>
          <reporter-output>
          </reporter-output>
        </test-method> <!-- CheckResutl -->
        <test-method is-config="true" signature="setup(java.lang.reflect.Method)[pri:0, instance:com.cartiq.PageTest.LoginTest@179ece50]" started-at="2026-03-08T12:31:11 IST" name="setup" finished-at="2026-03-08T12:31:13 IST" duration-ms="1221" status="PASS">
          <params>
            <param index="0">
              <value>
                <![CDATA[public void com.cartiq.PageTest.LoginTest.User(java.lang.String,java.lang.String,java.lang.String,java.lang.String)]]>
              </value>
            </param>
          </params>
          <reporter-output>
          </reporter-output>
        </test-method> <!-- setup -->
        <test-method signature="User(java.lang.String,java.lang.String,java.lang.String,java.lang.String)[pri:0, instance:com.cartiq.PageTest.LoginTest@179ece50]" started-at="2026-03-08T12:31:13 IST" name="User" data-provider="loginData" finished-at="2026-03-08T12:31:14 IST" duration-ms="1448" status="PASS">
          <params>
            <param index="0">
              <value>
                <![CDATA[TC003]]>
              </value>
            </param>
            <param index="1">
              <value>
                <![CDATA[invalid_user]]>
              </value>
            </param>
            <param index="2">
              <value>
                <![CDATA[secret_sauce]]>
              </value>
            </param>
            <param index="3">
              <value>
                <![CDATA[failure]]>
              </value>
            </param>
          </params>
          <reporter-output>
          </reporter-output>
        </test-method> <!-- User -->
        <test-method is-config="true" signature="CheckResutl(java.lang.reflect.Method,org.testng.ITestResult)[pri:0, instance:com.cartiq.PageTest.LoginTest@179ece50]" started-at="2026-03-08T12:31:14 IST" name="CheckResutl" finished-at="2026-03-08T12:31:14 IST" duration-ms="271" status="PASS">
          <params>
            <param index="0">
              <value>
                <![CDATA[public void com.cartiq.PageTest.LoginTest.User(java.lang.String,java.lang.String,java.lang.String,java.lang.String)]]>
              </value>
            </param>
            <param index="1">
              <value>
                <![CDATA[[TestResult name=User status=SUCCESS method=LoginTest.User(java.lang.String,java.lang.String,java.lang.String,java.lang.String)[pri:0, instance:com.cartiq.PageTest.LoginTest@179ece50] output={null}]]]>
              </value>
            </param>
          </params>
          <reporter-output>
          </reporter-output>
        </test-method> <!-- CheckResutl -->
        <test-method is-config="true" signature="setup(java.lang.reflect.Method)[pri:0, instance:com.cartiq.PageTest.LoginTest@179ece50]" started-at="2026-03-08T12:31:14 IST" name="setup" finished-at="2026-03-08T12:31:15 IST" duration-ms="1147" status="PASS">
          <params>
            <param index="0">
              <value>
                <![CDATA[public void com.cartiq.PageTest.LoginTest.User(java.lang.String,java.lang.String,java.lang.String,java.lang.String)]]>
              </value>
            </param>
          </params>
          <reporter-output>
          </reporter-output>
        </test-method> <!-- setup -->
        <test-method signature="User(java.lang.String,java.lang.String,java.lang.String,java.lang.String)[pri:0, instance:com.cartiq.PageTest.LoginTest@179ece50]" started-at="2026-03-08T12:31:15 IST" name="User" data-provider="loginData" finished-at="2026-03-08T12:31:17 IST" duration-ms="1472" status="PASS">
          <params>
            <param index="0">
              <value>
                <![CDATA[TC004]]>
              </value>
            </param>
            <param index="1">
              <value>
                <![CDATA[]]>
              </value>
            </param>
            <param index="2">
              <value>
                <![CDATA[secret_sauce]]>
              </value>
            </param>
            <param index="3">
              <value>
                <![CDATA[failure]]>
              </value>
            </param>
          </params>
          <reporter-output>
          </reporter-output>
        </test-method> <!-- User -->
        <test-method is-config="true" signature="CheckResutl(java.lang.reflect.Method,org.testng.ITestResult)[pri:0, instance:com.cartiq.PageTest.LoginTest@179ece50]" started-at="2026-03-08T12:31:17 IST" name="CheckResutl" finished-at="2026-03-08T12:31:17 IST" duration-ms="305" status="PASS">
          <params>
            <param index="0">
              <value>
                <![CDATA[public void com.cartiq.PageTest.LoginTest.User(java.lang.String,java.lang.String,java.lang.String,java.lang.String)]]>
              </value>
            </param>
            <param index="1">
              <value>
                <![CDATA[[TestResult name=User status=SUCCESS method=LoginTest.User(java.lang.String,java.lang.String,java.lang.String,java.lang.String)[pri:0, instance:com.cartiq.PageTest.LoginTest@179ece50] output={null}]]]>
              </value>
            </param>
          </params>
          <reporter-output>
          </reporter-output>
        </test-method> <!-- CheckResutl -->
        <test-method is-config="true" signature="setup(java.lang.reflect.Method)[pri:0, instance:com.cartiq.PageTest.LoginTest@179ece50]" started-at="2026-03-08T12:31:17 IST" name="setup" finished-at="2026-03-08T12:31:18 IST" duration-ms="1110" status="PASS">
          <params>
            <param index="0">
              <value>
                <![CDATA[public void com.cartiq.PageTest.LoginTest.User(java.lang.String,java.lang.String,java.lang.String,java.lang.String)]]>
              </value>
            </param>
          </params>
          <reporter-output>
          </reporter-output>
        </test-method> <!-- setup -->
        <test-method signature="User(java.lang.String,java.lang.String,java.lang.String,java.lang.String)[pri:0, instance:com.cartiq.PageTest.LoginTest@179ece50]" started-at="2026-03-08T12:31:18 IST" name="User" data-provider="loginData" finished-at="2026-03-08T12:31:20 IST" duration-ms="1651" status="PASS">
          <params>
            <param index="0">
              <value>
                <![CDATA[TC005]]>
              </value>
            </param>
            <param index="1">
              <value>
                <![CDATA[standard_user]]>
              </value>
            </param>
            <param index="2">
              <value>
                <![CDATA[]]>
              </value>
            </param>
            <param index="3">
              <value>
                <![CDATA[failure]]>
              </value>
            </param>
          </params>
          <reporter-output>
          </reporter-output>
        </test-method> <!-- User -->
        <test-method is-config="true" signature="CheckResutl(java.lang.reflect.Method,org.testng.ITestResult)[pri:0, instance:com.cartiq.PageTest.LoginTest@179ece50]" started-at="2026-03-08T12:31:20 IST" name="CheckResutl" finished-at="2026-03-08T12:31:20 IST" duration-ms="288" status="PASS">
          <params>
            <param index="0">
              <value>
                <![CDATA[public void com.cartiq.PageTest.LoginTest.User(java.lang.String,java.lang.String,java.lang.String,java.lang.String)]]>
              </value>
            </param>
            <param index="1">
              <value>
                <![CDATA[[TestResult name=User status=SUCCESS method=LoginTest.User(java.lang.String,java.lang.String,java.lang.String,java.lang.String)[pri:0, instance:com.cartiq.PageTest.LoginTest@179ece50] output={null}]]]>
              </value>
            </param>
          </params>
          <reporter-output>
          </reporter-output>
        </test-method> <!-- CheckResutl -->
        <test-method is-config="true" signature="setup(java.lang.reflect.Method)[pri:0, instance:com.cartiq.PageTest.LoginTest@179ece50]" started-at="2026-03-08T12:31:20 IST" name="setup" finished-at="2026-03-08T12:31:21 IST" duration-ms="1145" status="PASS">
          <params>
            <param index="0">
              <value>
                <![CDATA[public void com.cartiq.PageTest.LoginTest.User(java.lang.String,java.lang.String,java.lang.String,java.lang.String)]]>
              </value>
            </param>
          </params>
          <reporter-output>
          </reporter-output>
        </test-method> <!-- setup -->
        <test-method signature="User(java.lang.String,java.lang.String,java.lang.String,java.lang.String)[pri:0, instance:com.cartiq.PageTest.LoginTest@179ece50]" started-at="2026-03-08T12:31:21 IST" name="User" data-provider="loginData" finished-at="2026-03-08T12:31:23 IST" duration-ms="1572" status="PASS">
          <params>
            <param index="0">
              <value>
                <![CDATA[TC006]]>
              </value>
            </param>
            <param index="1">
              <value>
                <![CDATA[]]>
              </value>
            </param>
            <param index="2">
              <value>
                <![CDATA[]]>
              </value>
            </param>
            <param index="3">
              <value>
                <![CDATA[failure]]>
              </value>
            </param>
          </params>
          <reporter-output>
          </reporter-output>
        </test-method> <!-- User -->
        <test-method is-config="true" signature="CheckResutl(java.lang.reflect.Method,org.testng.ITestResult)[pri:0, instance:com.cartiq.PageTest.LoginTest@179ece50]" started-at="2026-03-08T12:31:23 IST" name="CheckResutl" finished-at="2026-03-08T12:31:24 IST" duration-ms="565" status="PASS">
          <params>
            <param index="0">
              <value>
                <![CDATA[public void com.cartiq.PageTest.LoginTest.User(java.lang.String,java.lang.String,java.lang.String,java.lang.String)]]>
              </value>
            </param>
            <param index="1">
              <value>
                <![CDATA[[TestResult name=User status=SUCCESS method=LoginTest.User(java.lang.String,java.lang.String,java.lang.String,java.lang.String)[pri:0, instance:com.cartiq.PageTest.LoginTest@179ece50] output={null}]]]>
              </value>
            </param>
          </params>
          <reporter-output>
          </reporter-output>
        </test-method> <!-- CheckResutl -->
        <test-method is-config="true" signature="setup(java.lang.reflect.Method)[pri:0, instance:com.cartiq.PageTest.LoginTest@179ece50]" started-at="2026-03-08T12:31:24 IST" name="setup" finished-at="2026-03-08T12:31:25 IST" duration-ms="1078" status="PASS">
          <params>
            <param index="0">
              <value>
                <![CDATA[public void com.cartiq.PageTest.LoginTest.User(java.lang.String,java.lang.String,java.lang.String,java.lang.String)]]>
              </value>
            </param>
          </params>
          <reporter-output>
          </reporter-output>
        </test-method> <!-- setup -->
        <test-method signature="User(java.lang.String,java.lang.String,java.lang.String,java.lang.String)[pri:0, instance:com.cartiq.PageTest.LoginTest@179ece50]" started-at="2026-03-08T12:31:25 IST" name="User" data-provider="loginData" finished-at="2026-03-08T12:31:26 IST" duration-ms="1467" status="PASS">
          <params>
            <param index="0">
              <value>
                <![CDATA[TC007]]>
              </value>
            </param>
            <param index="1">
              <value>
                <![CDATA[locked_out_user]]>
              </value>
            </param>
            <param index="2">
              <value>
                <![CDATA[secret_sauce]]>
              </value>
            </param>
            <param index="3">
              <value>
                <![CDATA[failure]]>
              </value>
            </param>
          </params>
          <reporter-output>
          </reporter-output>
        </test-method> <!-- User -->
        <test-method is-config="true" signature="CheckResutl(java.lang.reflect.Method,org.testng.ITestResult)[pri:0, instance:com.cartiq.PageTest.LoginTest@179ece50]" started-at="2026-03-08T12:31:26 IST" name="CheckResutl" finished-at="2026-03-08T12:31:26 IST" duration-ms="346" status="PASS">
          <params>
            <param index="0">
              <value>
                <![CDATA[public void com.cartiq.PageTest.LoginTest.User(java.lang.String,java.lang.String,java.lang.String,java.lang.String)]]>
              </value>
            </param>
            <param index="1">
              <value>
                <![CDATA[[TestResult name=User status=SUCCESS method=LoginTest.User(java.lang.String,java.lang.String,java.lang.String,java.lang.String)[pri:0, instance:com.cartiq.PageTest.LoginTest@179ece50] output={null}]]]>
              </value>
            </param>
          </params>
          <reporter-output>
          </reporter-output>
        </test-method> <!-- CheckResutl -->
        <test-method is-config="true" signature="setup(java.lang.reflect.Method)[pri:0, instance:com.cartiq.PageTest.LoginTest@179ece50]" started-at="2026-03-08T12:31:26 IST" name="setup" finished-at="2026-03-08T12:31:27 IST" duration-ms="1035" status="PASS">
          <params>
            <param index="0">
              <value>
                <![CDATA[public void com.cartiq.PageTest.LoginTest.User(java.lang.String,java.lang.String,java.lang.String,java.lang.String)]]>
              </value>
            </param>
          </params>
          <reporter-output>
          </reporter-output>
        </test-method> <!-- setup -->
        <test-method signature="User(java.lang.String,java.lang.String,java.lang.String,java.lang.String)[pri:0, instance:com.cartiq.PageTest.LoginTest@179ece50]" started-at="2026-03-08T12:31:27 IST" name="User" data-provider="loginData" finished-at="2026-03-08T12:31:29 IST" duration-ms="1527" status="PASS">
          <params>
            <param index="0">
              <value>
                <![CDATA[TC008]]>
              </value>
            </param>
            <param index="1">
              <value>
                <![CDATA[standard_user]]>
              </value>
            </param>
            <param index="2">
              <value>
                <![CDATA[Secret_sauce]]>
              </value>
            </param>
            <param index="3">
              <value>
                <![CDATA[failure]]>
              </value>
            </param>
          </params>
          <reporter-output>
          </reporter-output>
        </test-method> <!-- User -->
        <test-method is-config="true" signature="CheckResutl(java.lang.reflect.Method,org.testng.ITestResult)[pri:0, instance:com.cartiq.PageTest.LoginTest@179ece50]" started-at="2026-03-08T12:31:29 IST" name="CheckResutl" finished-at="2026-03-08T12:31:29 IST" duration-ms="449" status="PASS">
          <params>
            <param index="0">
              <value>
                <![CDATA[public void com.cartiq.PageTest.LoginTest.User(java.lang.String,java.lang.String,java.lang.String,java.lang.String)]]>
              </value>
            </param>
            <param index="1">
              <value>
                <![CDATA[[TestResult name=User status=SUCCESS method=LoginTest.User(java.lang.String,java.lang.String,java.lang.String,java.lang.String)[pri:0, instance:com.cartiq.PageTest.LoginTest@179ece50] output={null}]]]>
              </value>
            </param>
          </params>
          <reporter-output>
          </reporter-output>
        </test-method> <!-- CheckResutl -->
        <test-method is-config="true" signature="setup(java.lang.reflect.Method)[pri:0, instance:com.cartiq.PageTest.LoginTest@179ece50]" started-at="2026-03-08T12:31:29 IST" name="setup" finished-at="2026-03-08T12:31:30 IST" duration-ms="922" status="PASS">
          <params>
            <param index="0">
              <value>
                <![CDATA[public void com.cartiq.PageTest.LoginTest.User(java.lang.String,java.lang.String,java.lang.String,java.lang.String)]]>
              </value>
            </param>
          </params>
          <reporter-output>
          </reporter-output>
        </test-method> <!-- setup -->
        <test-method signature="User(java.lang.String,java.lang.String,java.lang.String,java.lang.String)[pri:0, instance:com.cartiq.PageTest.LoginTest@179ece50]" started-at="2026-03-08T12:31:30 IST" name="User" data-provider="loginData" finished-at="2026-03-08T12:31:32 IST" duration-ms="1399" status="PASS">
          <params>
            <param index="0">
              <value>
                <![CDATA[TC009]]>
              </value>
            </param>
            <param index="1">
              <value>
                <![CDATA[STANDARD_USER]]>
              </value>
            </param>
            <param index="2">
              <value>
                <![CDATA[secret_sauce]]>
              </value>
            </param>
            <param index="3">
              <value>
                <![CDATA[failure]]>
              </value>
            </param>
          </params>
          <reporter-output>
          </reporter-output>
        </test-method> <!-- User -->
        <test-method is-config="true" signature="CheckResutl(java.lang.reflect.Method,org.testng.ITestResult)[pri:0, instance:com.cartiq.PageTest.LoginTest@179ece50]" started-at="2026-03-08T12:31:32 IST" name="CheckResutl" finished-at="2026-03-08T12:31:32 IST" duration-ms="246" status="PASS">
          <params>
            <param index="0">
              <value>
                <![CDATA[public void com.cartiq.PageTest.LoginTest.User(java.lang.String,java.lang.String,java.lang.String,java.lang.String)]]>
              </value>
            </param>
            <param index="1">
              <value>
                <![CDATA[[TestResult name=User status=SUCCESS method=LoginTest.User(java.lang.String,java.lang.String,java.lang.String,java.lang.String)[pri:0, instance:com.cartiq.PageTest.LoginTest@179ece50] output={null}]]]>
              </value>
            </param>
          </params>
          <reporter-output>
          </reporter-output>
        </test-method> <!-- CheckResutl -->
        <test-method is-config="true" signature="setup(java.lang.reflect.Method)[pri:0, instance:com.cartiq.PageTest.LoginTest@179ece50]" started-at="2026-03-08T12:31:32 IST" name="setup" finished-at="2026-03-08T12:31:33 IST" duration-ms="944" status="PASS">
          <params>
            <param index="0">
              <value>
                <![CDATA[public void com.cartiq.PageTest.LoginTest.User(java.lang.String,java.lang.String,java.lang.String,java.lang.String)]]>
              </value>
            </param>
          </params>
          <reporter-output>
          </reporter-output>
        </test-method> <!-- setup -->
        <test-method signature="User(java.lang.String,java.lang.String,java.lang.String,java.lang.String)[pri:0, instance:com.cartiq.PageTest.LoginTest@179ece50]" started-at="2026-03-08T12:31:33 IST" name="User" data-provider="loginData" finished-at="2026-03-08T12:31:35 IST" duration-ms="2361" status="PASS">
          <params>
            <param index="0">
              <value>
                <![CDATA[TC010]]>
              </value>
            </param>
            <param index="1">
              <value>
                <![CDATA[standard_user]]>
              </value>
            </param>
            <param index="2">
              <value>
                <![CDATA[secret_sauce]]>
              </value>
            </param>
            <param index="3">
              <value>
                <![CDATA[success]]>
              </value>
            </param>
          </params>
          <reporter-output>
          </reporter-output>
        </test-method> <!-- User -->
        <test-method is-config="true" signature="CheckResutl(java.lang.reflect.Method,org.testng.ITestResult)[pri:0, instance:com.cartiq.PageTest.LoginTest@179ece50]" started-at="2026-03-08T12:31:35 IST" name="CheckResutl" finished-at="2026-03-08T12:31:36 IST" duration-ms="282" status="PASS">
          <params>
            <param index="0">
              <value>
                <![CDATA[public void com.cartiq.PageTest.LoginTest.User(java.lang.String,java.lang.String,java.lang.String,java.lang.String)]]>
              </value>
            </param>
            <param index="1">
              <value>
                <![CDATA[[TestResult name=User status=SUCCESS method=LoginTest.User(java.lang.String,java.lang.String,java.lang.String,java.lang.String)[pri:0, instance:com.cartiq.PageTest.LoginTest@179ece50] output={null}]]]>
              </value>
            </param>
          </params>
          <reporter-output>
          </reporter-output>
        </test-method> <!-- CheckResutl -->
      </class> <!-- com.cartiq.PageTest.LoginTest -->
    </test> <!-- Test -->
    <test started-at="2026-03-08T12:31:36 IST" name="Test1" finished-at="2026-03-08T12:31:42 IST" duration-ms="5950">
      <class name="com.cartiq.PageTest.HomePageTest">
        <test-method is-config="true" signature="setupExtent()[pri:0, instance:com.cartiq.PageTest.HomePageTest@2df3b89c]" started-at="2026-03-08T12:30:58 IST" name="setupExtent" finished-at="2026-03-08T12:30:59 IST" duration-ms="591" status="PASS">
          <reporter-output>
          </reporter-output>
        </test-method> <!-- setupExtent -->
        <test-method is-config="true" signature="setup(java.lang.reflect.Method)[pri:0, instance:com.cartiq.PageTest.HomePageTest@2df3b89c]" started-at="2026-03-08T12:31:36 IST" name="setup" finished-at="2026-03-08T12:31:37 IST" duration-ms="1001" status="PASS">
          <params>
            <param index="0">
              <value>
                <![CDATA[public void com.cartiq.PageTest.HomePageTest.verifyHomePageLoaded()]]>
              </value>
            </param>
          </params>
          <reporter-output>
          </reporter-output>
        </test-method> <!-- setup -->
        <test-method signature="verifyHomePageLoaded()[pri:0, instance:com.cartiq.PageTest.HomePageTest@2df3b89c]" started-at="2026-03-08T12:31:37 IST" name="verifyHomePageLoaded" finished-at="2026-03-08T12:31:41 IST" duration-ms="4641" status="PASS">
          <reporter-output>
          </reporter-output>
        </test-method> <!-- verifyHomePageLoaded -->
        <test-method is-config="true" signature="CheckResutl(java.lang.reflect.Method,org.testng.ITestResult)[pri:0, instance:com.cartiq.PageTest.HomePageTest@2df3b89c]" started-at="2026-03-08T12:31:41 IST" name="CheckResutl" finished-at="2026-03-08T12:31:42 IST" duration-ms="302" status="PASS">
          <params>
            <param index="0">
              <value>
                <![CDATA[public void com.cartiq.PageTest.HomePageTest.verifyHomePageLoaded()]]>
              </value>
            </param>
            <param index="1">
              <value>
                <![CDATA[[TestResult name=verifyHomePageLoaded status=SUCCESS method=HomePageTest.verifyHomePageLoaded()[pri:0, instance:com.cartiq.PageTest.HomePageTest@2df3b89c] output={null}]]]>
              </value>
            </param>
          </params>
          <reporter-output>
          </reporter-output>
        </test-method> <!-- CheckResutl -->
        <test-method is-config="true" signature="exit()[pri:0, instance:com.cartiq.PageTest.HomePageTest@2df3b89c]" started-at="2026-03-08T12:31:42 IST" name="exit" finished-at="2026-03-08T12:31:42 IST" duration-ms="605" status="PASS">
          <reporter-output>
          </reporter-output>
        </test-method> <!-- exit -->
      </class> <!-- com.cartiq.PageTest.HomePageTest -->
    </test> <!-- Test1 -->
  </suite> <!-- CartIQ Automation Suite -->
</testng-results>
