<?xml version="1.0" encoding="UTF-8"?>
<!-- Generated by org.testng.reporters.JUnitReportReporter -->
<testsuite hostname="Ruchith-27" failures="0" tests="5" name="com.cartiq.ApiTest.UserApiTest" time="11.889" errors="0" timestamp="2026-03-14T13:26:30 IST" skipped="0">
  <testcase classname="com.cartiq.ApiTest.UserApiTest" name="getAllUsers" time="5.358"/>
  <testcase classname="com.cartiq.ApiTest.UserApiTest" name="getUserById" time="3.102"/>
  <testcase classname="com.cartiq.ApiTest.UserApiTest" name="createUser" time="1.707"/>
  <testcase classname="com.cartiq.ApiTest.UserApiTest" name="updateUser" time="1.265"/>
  <testcase classname="com.cartiq.ApiTest.UserApiTest" name="deleteUser" time="0.457"/>
</testsuite> <!-- com.cartiq.ApiTest.UserApiTest -->
