<?xml version="1.0" encoding="UTF-8"?>
<!-- Generated by org.testng.reporters.JUnitReportReporter -->
<testsuite hostname="Ruchith-27" failures="0" tests="10" name="com.cartiq.PageTest.LoginTest" time="34.193" errors="0" timestamp="2026-03-08T12:31:42 IST" skipped="0">
  <testcase classname="com.cartiq.PageTest.LoginTest" name="User" time="3.248"/>
  <testcase classname="com.cartiq.PageTest.LoginTest" name="User" time="2.895"/>
  <testcase classname="com.cartiq.PageTest.LoginTest" name="User" time="2.949"/>
  <testcase classname="com.cartiq.PageTest.LoginTest" name="User" time="2.940"/>
  <testcase classname="com.cartiq.PageTest.LoginTest" name="User" time="2.910"/>
  <testcase classname="com.cartiq.PageTest.LoginTest" name="User" time="4.143"/>
  <testcase classname="com.cartiq.PageTest.LoginTest" name="User" time="2.930"/>
  <testcase classname="com.cartiq.PageTest.LoginTest" name="User" time="2.981"/>
  <testcase classname="com.cartiq.PageTest.LoginTest" name="User" time="2.603"/>
  <testcase classname="com.cartiq.PageTest.LoginTest" name="User" time="6.594"/>
</testsuite> <!-- com.cartiq.PageTest.LoginTest -->
