<?xml version="1.0" encoding="UTF-8"?>
<!-- Generated by org.testng.reporters.JUnitReportReporter -->
<testsuite hostname="Ruchith-27" failures="0" tests="10" name="com.cartiq.PageTest.LoginTest" time="71.166" errors="0" timestamp="2026-03-10T21:58:46 IST" skipped="0">
  <testcase classname="com.cartiq.PageTest.LoginTest" name="User" time="5.333"/>
  <testcase classname="com.cartiq.PageTest.LoginTest" name="User" time="8.229"/>
  <testcase classname="com.cartiq.PageTest.LoginTest" name="User" time="11.121"/>
  <testcase classname="com.cartiq.PageTest.LoginTest" name="User" time="8.781"/>
  <testcase classname="com.cartiq.PageTest.LoginTest" name="User" time="7.467"/>
  <testcase classname="com.cartiq.PageTest.LoginTest" name="User" time="7.094"/>
  <testcase classname="com.cartiq.PageTest.LoginTest" name="User" time="4.584"/>
  <testcase classname="com.cartiq.PageTest.LoginTest" name="User" time="5.563"/>
  <testcase classname="com.cartiq.PageTest.LoginTest" name="User" time="6.957"/>
  <testcase classname="com.cartiq.PageTest.LoginTest" name="User" time="6.037"/>
</testsuite> <!-- com.cartiq.PageTest.LoginTest -->
