<?xml version="1.0" encoding="UTF-8"?>
<!-- Generated by org.testng.reporters.JUnitXMLReporter -->
<testsuite ignored="0" hostname="Ruchith-27" failures="5" tests="5" name="API Tests" time="7.648" errors="0" timestamp="2026-03-14T13:15:54 IST">
  <testcase classname="com.cartiq.ApiTest.UserApiTest" name="getAllUsers" time="6.85">
    <failure type="java.lang.AssertionError" message="Status should be 200! expected [200] but found [403]">
      <![CDATA[java.lang.AssertionError: Status should be 200! expected [200] but found [403]
at com.cartiq.ApiTest.UserApiTest.getAllUsers(UserApiTest.java:21)
at java.base/java.util.ArrayList.forEach(ArrayList.java:1596)
... Removed 31 stack frames]]>
    </failure>
  </testcase> <!-- getAllUsers -->
  <testcase classname="com.cartiq.ApiTest.UserApiTest" name="getUserById" time="0.165">
    <failure type="java.lang.AssertionError" message="Status should be 200! expected [200] but found [403]">
      <![CDATA[java.lang.AssertionError: Status should be 200! expected [200] but found [403]
at com.cartiq.ApiTest.UserApiTest.getUserById(UserApiTest.java:32)
at java.base/java.util.ArrayList.forEach(ArrayList.java:1596)
... Removed 31 stack frames]]>
    </failure>
  </testcase> <!-- getUserById -->
  <testcase classname="com.cartiq.ApiTest.UserApiTest" name="createUser" time="0.279">
    <failure type="java.lang.AssertionError" message="Status should be 201! expected [201] but found [403]">
      <![CDATA[java.lang.AssertionError: Status should be 201! expected [201] but found [403]
at com.cartiq.ApiTest.UserApiTest.createUser(UserApiTest.java:49)
at java.base/java.util.ArrayList.forEach(ArrayList.java:1596)
... Removed 31 stack frames]]>
    </failure>
  </testcase> <!-- createUser -->
  <testcase classname="com.cartiq.ApiTest.UserApiTest" name="updateUser" time="0.159">
    <failure type="java.lang.AssertionError" message="Status should be 200! expected [200] but found [403]">
      <![CDATA[java.lang.AssertionError: Status should be 200! expected [200] but found [403]
at com.cartiq.ApiTest.UserApiTest.updateUser(UserApiTest.java:66)
at java.base/java.util.ArrayList.forEach(ArrayList.java:1596)
... Removed 31 stack frames]]>
    </failure>
  </testcase> <!-- updateUser -->
  <testcase classname="com.cartiq.ApiTest.UserApiTest" name="deleteUser" time="0.174">
    <failure type="java.lang.AssertionError" message="Status should be 204! expected [204] but found [403]">
      <![CDATA[java.lang.AssertionError: Status should be 204! expected [204] but found [403]
at com.cartiq.ApiTest.UserApiTest.deleteUser(UserApiTest.java:81)
at java.base/java.util.ArrayList.forEach(ArrayList.java:1596)
... Removed 31 stack frames]]>
    </failure>
  </testcase> <!-- deleteUser -->
</testsuite> <!-- API Tests -->
