<?xml version="1.0" encoding="UTF-8"?>
<!-- Generated by org.testng.reporters.JUnitXMLReporter -->
<testsuite ignored="0" hostname="Ruchith-27" failures="0" tests="10" name="Test" time="40.071" errors="0" timestamp="2026-03-07T18:49:21 IST">
  <testcase classname="com.cartiq.PageTest.LoginTest" name="User" time="2.86"/>
  <testcase classname="com.cartiq.PageTest.LoginTest" name="User" time="1.373"/>
  <testcase classname="com.cartiq.PageTest.LoginTest" name="User" time="1.631"/>
  <testcase classname="com.cartiq.PageTest.LoginTest" name="User" time="1.269"/>
  <testcase classname="com.cartiq.PageTest.LoginTest" name="User" time="1.33"/>
  <testcase classname="com.cartiq.PageTest.LoginTest" name="User" time="1.323"/>
  <testcase classname="com.cartiq.PageTest.LoginTest" name="User" time="1.367"/>
  <testcase classname="com.cartiq.PageTest.LoginTest" name="User" time="1.745"/>
  <testcase classname="com.cartiq.PageTest.LoginTest" name="User" time="1.95"/>
  <testcase classname="com.cartiq.PageTest.LoginTest" name="User" time="1.74"/>
</testsuite> <!-- Test -->
