<?xml version="1.0" encoding="UTF-8"?>
<!-- Generated by org.testng.reporters.JUnitXMLReporter -->
<testsuite ignored="0" hostname="Ruchith-27" failures="1" tests="1" name="Test4" time="11.835" errors="0" timestamp="2026-03-10T21:58:37 IST">
  <testcase classname="com.cartiq.PageTest.CheckoutTest" name="checkoutTest" time="6.894">
    <failure type="java.lang.AssertionError" message="Login Failed! expected [true] but found [false]">
      <![CDATA[java.lang.AssertionError: Login Failed! expected [true] but found [false]
at com.cartiq.PageTest.CheckoutTest.checkoutTest(CheckoutTest.java:22)
at java.base/java.util.ArrayList.forEach(ArrayList.java:1596)
... Removed 28 stack frames]]>
    </failure>
  </testcase> <!-- checkoutTest -->
</testsuite> <!-- Test4 -->
