<?xml version="1.0" encoding="UTF-8"?>
<!-- Generated by org.testng.reporters.JUnitXMLReporter -->
<testsuite ignored="0" hostname="Ruchith-27" failures="0" tests="10" name="Test1" time="39.552" errors="0" timestamp="2026-03-10T20:40:47 IST">
  <testcase classname="com.cartiq.PageTest.LoginTest" name="User" time="3.221"/>
  <testcase classname="com.cartiq.PageTest.LoginTest" name="User" time="1.797"/>
  <testcase classname="com.cartiq.PageTest.LoginTest" name="User" time="1.801"/>
  <testcase classname="com.cartiq.PageTest.LoginTest" name="User" time="1.403"/>
  <testcase classname="com.cartiq.PageTest.LoginTest" name="User" time="1.26"/>
  <testcase classname="com.cartiq.PageTest.LoginTest" name="User" time="1.438"/>
  <testcase classname="com.cartiq.PageTest.LoginTest" name="User" time="1.422"/>
  <testcase classname="com.cartiq.PageTest.LoginTest" name="User" time="1.567"/>
  <testcase classname="com.cartiq.PageTest.LoginTest" name="User" time="1.366"/>
  <testcase classname="com.cartiq.PageTest.LoginTest" name="User" time="2.143"/>
</testsuite> <!-- Test1 -->
