<?xml version="1.0" encoding="UTF-8"?>
<!-- Generated by org.testng.reporters.JUnitXMLReporter -->
<testsuite ignored="0" hostname="Ruchith-27" failures="0" tests="10" name="Test" time="36.736" errors="0" timestamp="2026-03-08T12:31:36 IST">
  <testcase classname="com.cartiq.PageTest.LoginTest" name="User" time="2.375"/>
  <testcase classname="com.cartiq.PageTest.LoginTest" name="User" time="1.574"/>
  <testcase classname="com.cartiq.PageTest.LoginTest" name="User" time="1.448"/>
  <testcase classname="com.cartiq.PageTest.LoginTest" name="User" time="1.472"/>
  <testcase classname="com.cartiq.PageTest.LoginTest" name="User" time="1.651"/>
  <testcase classname="com.cartiq.PageTest.LoginTest" name="User" time="1.572"/>
  <testcase classname="com.cartiq.PageTest.LoginTest" name="User" time="1.467"/>
  <testcase classname="com.cartiq.PageTest.LoginTest" name="User" time="1.527"/>
  <testcase classname="com.cartiq.PageTest.LoginTest" name="User" time="1.399"/>
  <testcase classname="com.cartiq.PageTest.LoginTest" name="User" time="2.361"/>
</testsuite> <!-- Test -->
