<?xml version="1.0" encoding="UTF-8"?>
<!-- Generated by org.testng.reporters.JUnitXMLReporter -->
<testsuite ignored="0" hostname="Ruchith-27" failures="0" tests="10" name="Test1" time="73.87" errors="0" timestamp="2026-03-10T21:58:00 IST">
  <testcase classname="com.cartiq.PageTest.LoginTest" name="User" time="3.849"/>
  <testcase classname="com.cartiq.PageTest.LoginTest" name="User" time="3.755"/>
  <testcase classname="com.cartiq.PageTest.LoginTest" name="User" time="2.767"/>
  <testcase classname="com.cartiq.PageTest.LoginTest" name="User" time="6.234"/>
  <testcase classname="com.cartiq.PageTest.LoginTest" name="User" time="3.51"/>
  <testcase classname="com.cartiq.PageTest.LoginTest" name="User" time="5.64"/>
  <testcase classname="com.cartiq.PageTest.LoginTest" name="User" time="4.801"/>
  <testcase classname="com.cartiq.PageTest.LoginTest" name="User" time="4.824"/>
  <testcase classname="com.cartiq.PageTest.LoginTest" name="User" time="5.162"/>
  <testcase classname="com.cartiq.PageTest.LoginTest" name="User" time="4.284"/>
</testsuite> <!-- Test1 -->
